<?xml version="1.0" encoding="UTF-8"?>
<!-- Generated by org.testng.reporters.JUnitXMLReporter -->
<testsuite ignored="1" hostname="Manul-W" failures="0" tests="2" name="Test1" time="37.417" errors="0" timestamp="2021-05-21T20:38:34 IST">
  <testcase classname="test.TestingXML" name="googleSearchTest" time="9.54"/>
  <testcase classname="test.TestingXML2" name="googleSearchTest2" time="10.859"/>
  <testcase classname="test.TestingXML2" name="googleSearchTest3" time="0.0">
    <ignored/>
  </testcase> <!-- googleSearchTest3 -->
</testsuite> <!-- Test1 -->
