<?xml version="1.0" encoding="UTF-8"?>
<!-- Generated by org.testng.reporters.JUnitXMLReporter -->
<testsuite ignored="1" hostname="Manul-W" failures="0" tests="2" name="Test1" time="33.276" errors="0" timestamp="2021-06-17T21:06:49 IST">
  <testcase classname="test.TestingXML" name="googleSearchTest" time="10.271"/>
  <testcase classname="test.TestingXML2" name="googleSearchTest3" time="10.332"/>
  <testcase classname="test.TestingXML2" name="googleSearchTest2" time="0.0">
    <ignored/>
  </testcase> <!-- googleSearchTest2 -->
</testsuite> <!-- Test1 -->
