<?xml version="1.0" encoding="UTF-8"?>
<testng-results ignored="0" total="2" passed="2" failed="0" skipped="0">
  <reporter-output>
  </reporter-output>
  <suite started-at="2021-05-27T01:12:21 IST" name="Default suite" finished-at="2021-05-27T01:12:44 IST" duration-ms="22599">
    <groups>
    </groups>
    <test started-at="2021-05-27T01:12:21 IST" name="Default test" finished-at="2021-05-27T01:12:44 IST" duration-ms="22599">
      <class name="test.DarazSearchTestNG">
        <test-method is-config="true" signature="setUp()[pri:0, instance:test.DarazSearchTestNG@2667f029]" started-at="2021-05-27T01:12:21 IST" name="setUp" finished-at="2021-05-27T01:12:24 IST" duration-ms="2911" status="PASS">
          <reporter-output>
          </reporter-output>
        </test-method> <!-- setUp -->
        <test-method signature="test1()[pri:0, instance:test.DarazSearchTestNG@2667f029]" started-at="2021-05-27T01:12:24 IST" name="test1" finished-at="2021-05-27T01:12:35 IST" duration-ms="10719" status="PASS">
          <reporter-output>
          </reporter-output>
        </test-method> <!-- test1 -->
        <test-method signature="test12()[pri:0, instance:test.DarazSearchTestNG@2667f029]" started-at="2021-05-27T01:12:35 IST" name="test12" finished-at="2021-05-27T01:12:43 IST" duration-ms="8271" status="PASS">
          <reporter-output>
          </reporter-output>
        </test-method> <!-- test12 -->
        <test-method is-config="true" signature="tearDown()[pri:0, instance:test.DarazSearchTestNG@2667f029]" started-at="2021-05-27T01:12:43 IST" name="tearDown" finished-at="2021-05-27T01:12:44 IST" duration-ms="613" status="PASS">
          <reporter-output>
          </reporter-output>
        </test-method> <!-- tearDown -->
      </class> <!-- test.DarazSearchTestNG -->
    </test> <!-- Default test -->
  </suite> <!-- Default suite -->
</testng-results>
