<?xml version="1.0" encoding="UTF-8"?>
<testng-results ignored="1" total="3" passed="2" failed="0" skipped="0">
  <reporter-output>
  </reporter-output>
  <suite started-at="2021-05-21T20:37:56 IST" name="Suite1" finished-at="2021-05-21T20:38:34 IST" duration-ms="37417">
    <groups>
    </groups>
    <test started-at="2021-05-21T20:37:56 IST" name="Test1" finished-at="2021-05-21T20:38:34 IST" duration-ms="37417">
      <class name="test.TestingXML2">
        <test-method is-config="true" signature="setUp()[pri:0, instance:test.TestingXML2@1ddf84b8]" started-at="2021-05-21T20:38:02 IST" name="setUp" finished-at="2021-05-21T20:38:04 IST" duration-ms="1821" status="PASS">
          <reporter-output>
          </reporter-output>
        </test-method> <!-- setUp -->
        <test-method signature="googleSearchTest2()[pri:0, instance:test.TestingXML2@1ddf84b8]" started-at="2021-05-21T20:38:13 IST" name="googleSearchTest2" finished-at="2021-05-21T20:38:24 IST" duration-ms="10859" status="PASS">
          <reporter-output>
          </reporter-output>
        </test-method> <!-- googleSearchTest2 -->
        <test-method is-config="true" signature="tearDownTest()[pri:0, instance:test.TestingXML2@1ddf84b8]" started-at="2021-05-21T20:38:29 IST" name="tearDownTest" finished-at="2021-05-21T20:38:34 IST" duration-ms="4360" status="PASS">
          <reporter-output>
          </reporter-output>
        </test-method> <!-- tearDownTest -->
      </class> <!-- test.TestingXML2 -->
      <class name="test.TestingXML">
        <test-method is-config="true" signature="setUp()[pri:0, instance:test.TestingXML@6a28ffa4]" started-at="2021-05-21T20:37:56 IST" name="setUp" finished-at="2021-05-21T20:38:02 IST" duration-ms="5711" status="PASS">
          <reporter-output>
          </reporter-output>
        </test-method> <!-- setUp -->
        <test-method signature="googleSearchTest()[pri:0, instance:test.TestingXML@6a28ffa4]" started-at="2021-05-21T20:38:04 IST" name="googleSearchTest" finished-at="2021-05-21T20:38:13 IST" duration-ms="9540" status="PASS">
          <reporter-output>
          </reporter-output>
        </test-method> <!-- googleSearchTest -->
        <test-method is-config="true" signature="tearDownTest()[pri:0, instance:test.TestingXML@6a28ffa4]" started-at="2021-05-21T20:38:24 IST" name="tearDownTest" finished-at="2021-05-21T20:38:29 IST" duration-ms="5044" status="PASS">
          <reporter-output>
          </reporter-output>
        </test-method> <!-- tearDownTest -->
      </class> <!-- test.TestingXML -->
    </test> <!-- Test1 -->
  </suite> <!-- Suite1 -->
</testng-results>
